2014-06-03 17:03:30.910 Carpooling[5969:90b] Multi-tasking -> Device: YES, App: YES
2014-06-03 17:03:30.920 Carpooling[5969:90b] Unlimited access to network resources
2014-06-03 17:03:30.923 Carpooling[5969:90b] 

Started backup to iCloud! Please be careful.
Your application might rejected by Apple if you store too much data.
For more information please read "iOS Data Storage Guidelines"
You could find it at the following address https://developer.apple.com/icloud/documentation/data-storage/ .

2014-06-03 17:03:31.367 Carpooling[5969:90b] Resetting plugins due to page load.
2014-06-03 17:03:31.598 Carpooling[5969:90b] Finished load of: file:///Users/schultzRr/Library/Application%20Support/iPhone%20Simulator/7.1/Applications/E4B27DE1-E41C-4C5E-BAEB-56EC4F72732E/Carpooling.app/www/index.html
2014-06-03 17:16:38.689 Carpooling[8211:90b] Multi-tasking -> Device: YES, App: YES
2014-06-03 17:16:38.857 Carpooling[8211:90b] Unlimited access to network resources
2014-06-03 17:16:38.913 Carpooling[8211:90b] 

Started backup to iCloud! Please be careful.
Your application might rejected by Apple if you store too much data.
For more information please read "iOS Data Storage Guidelines"
You could find it at the following address https://developer.apple.com/icloud/documentation/data-storage/ .

2014-06-03 17:16:41.292 Carpooling[8211:90b] Resetting plugins due to page load.
2014-06-03 17:16:42.175 Carpooling[8211:90b] Finished load of: file:///Users/schultzRr/Library/Application%20Support/iPhone%20Simulator/7.1/Applications/E4B27DE1-E41C-4C5E-BAEB-56EC4F72732E/Carpooling.app/www/index.html
2014-06-03 17:16:54.848 Carpooling[9049:90b] Multi-tasking -> Device: YES, App: YES
2014-06-03 17:16:54.858 Carpooling[9049:90b] Unlimited access to network resources
2014-06-03 17:16:54.861 Carpooling[9049:90b] 

Started backup to iCloud! Please be careful.
Your application might rejected by Apple if you store too much data.
For more information please read "iOS Data Storage Guidelines"
You could find it at the following address https://developer.apple.com/icloud/documentation/data-storage/ .

2014-06-03 17:16:54.932 Carpooling[9049:90b] Resetting plugins due to page load.
2014-06-03 17:16:55.113 Carpooling[9049:90b] Finished load of: file:///Users/schultzRr/Library/Application%20Support/iPhone%20Simulator/7.1/Applications/E4B27DE1-E41C-4C5E-BAEB-56EC4F72732E/Carpooling.app/www/index.html
Terminating in response to SpringBoard's termination.
